[12:30:10] [main/INFO] (FabricLoader) Loading for game Minecraft 1.15.2
[12:30:11] [main/INFO] (Fabric|Loader) [FabricLoader] Loading 39 mods: minecraft@1.15.2, fabric-renderer-api-v1@0.2.10+f08b61330c, fabric-networking-blockentity-v0@0.2.3+e08a73050c, fabric-keybindings-v0@0.1.1+dfdb52d60c, fabric-command-api-v1@1.0.2+2aebb7ff0c, fabricloader@0.8.7+build.201, fabric-tool-attribute-api-v1@1.1.0+3e5587510c, fabric-renderer-indigo@0.2.23+9290e2ed0c, fabric-containers-v0@0.1.3+b7f9825d0c, fabric-object-builder-api-v1@1.2.1+e7a4edb30c, fabric-dimensions-v1@0.3.0+2ad156310c, fabric-biomes-v1@0.1.5+3b05f68e0c, fabric-crash-report-info-v1@0.1.2+b7f9825d0c, fabric-events-interaction-v0@0.3.0+fac69e320c, carefuldrops@3.1.0, fabric-api-base@0.1.2+b7f9825d0c, fabric-rendering-v0@1.1.0+534104900c, fabric-rendering-v1@1.0.0+2a034f0a0c, fabric-rendering-data-attachment-v1@0.1.3+b7f9825d0c, autoconfig1u@2.2.0, fabric-resource-loader-v0@0.1.10+06c939b30c, fabric-textures-v0@1.0.4+821cdba70c, fabric-content-registries-v0@0.1.3+b7f9825d0c, fabric-tag-extensions-v0@0.1.3+abd915800c, fabric-rendering-fluids-v1@0.1.6+12515ed90c, fabric-registry-sync-v0@0.2.6+f3d8141b0c, fabric-commands-v0@0.2.0+2e0c4ff50c, fabric-blockrenderlayer-v1@1.1.4+c6a8ea890c, fabric-mining-levels-v0@0.1.2+ec951ea40c, fabric-renderer-registries-v1@2.0.1+5a0f9a600c, fabric-climbable-api-v1@1.0.0+6ffe71e20c, fabric-events-lifecycle-v0@0.1.2+003643510c, fabric-loot-tables-v1@0.1.5+e08a73050c, fabric@0.11.1+build.312-1.15, fabric-particles-v1@0.1.2+ad2f81bd0c, fabric-item-groups-v0@0.1.6+045efb460c, fabric-models-v0@0.1.0+dfdb52d60c, fabric-object-builders-v0@0.5.1+3e5587510c, fabric-networking-v0@0.1.7+003643510c
[12:30:11] [main/INFO] (mixin) SpongePowered MIXIN Subsystem Version=0.8 Source=file:/C:/Users/yankee/.gradle/caches/modules-2/files-2.1/net.fabricmc/sponge-mixin/0.8+build.18/af077ad2845a00cde186fa2c99c4dd32bd2a2766/sponge-mixin-0.8+build.18.jar Service=Knot/Fabric Env=SERVER
[12:30:12] [main/INFO] (Fabric|MixinBootstrap) Loaded Fabric development mappings for mixin remapper!
[12:30:13] [main/INFO] (mixin) Remapping refMap fabric-networking-v0-refmap.json using remapper chain
[12:30:13] [main/INFO] (mixin) Remapping refMap fabric-networking-blockentity-v0-refmap.json using remapper chain
[12:30:13] [main/INFO] (mixin) Remapping refMap fabric-biomes-v1-refmap.json using remapper chain
[12:30:13] [main/INFO] (mixin) Remapping refMap fabric-resource-loader-v0-refmap.json using remapper chain
[12:30:13] [main/INFO] (mixin) Remapping refMap fabric-particles-v1-refmap.json using remapper chain
[12:30:13] [main/INFO] (mixin) Remapping refMap fabric-containers-v0-refmap.json using remapper chain
[12:30:13] [main/INFO] (mixin) Remapping refMap fabric-object-builders-refmap.json using remapper chain
[12:30:13] [main/INFO] (mixin) Remapping refMap fabric-tag-extensions-v0-refmap.json using remapper chain
[12:30:13] [main/INFO] (mixin) Remapping refMap fabric-tool-attribute-api-v1-refmap.json using remapper chain
[12:30:13] [main/INFO] (mixin) Remapping refMap fabric-rendering-data-attachment-v1-refmap.json using remapper chain
[12:30:13] [main/INFO] (mixin) Remapping refMap fabric-item-groups-v0-refmap.json using remapper chain
[12:30:13] [main/INFO] (mixin) Remapping refMap fabric-events-interaction-v0-refmap.json using remapper chain
[12:30:13] [main/INFO] (mixin) Remapping refMap fabric-loot-tables-v1-refmap.json using remapper chain
[12:30:13] [main/INFO] (mixin) Remapping refMap fabric-object-builder-api-v1-refmap.json using remapper chain
[12:30:13] [main/INFO] (mixin) Remapping refMap fabric-content-registries-v0-refmap.json using remapper chain
[12:30:13] [main/INFO] (mixin) Remapping refMap fabric-dimensions-v1-refmap.json using remapper chain
[12:30:13] [main/INFO] (mixin) Remapping refMap fabric-registry-sync-v0-refmap.json using remapper chain
[12:30:13] [main/INFO] (mixin) Remapping refMap fabric-command-api-v1-refmap.json using remapper chain
[12:30:13] [main/INFO] (mixin) Remapping refMap fabric-crash-report-info-v1-refmap.json using remapper chain
[12:30:13] [main/INFO] (mixin) Remapping refMap fabric-containers-v0-refmap.json using remapper chain
[12:30:13] [main/INFO] (mixin) Remapping refMap fabric-events-lifecycle-v0-refmap.json using remapper chain
[12:30:13] [main/INFO] (mixin) Remapping refMap fabric-climbable-api-v1-refmap.json using remapper chain
[12:30:13] [main/WARN] (mixin) @Mixin target net/minecraft/server/world/ThreadedAnvilChunkStorage$EntityTracker is public in fabric-networking-v0.mixins.json:MixinEntityTracker and should be specified in value
[12:30:13] [main/FATAL] (mixin) Mixin prepare failed preparing BlockBreakMixin in carefuldrops.mixins.json: org.spongepowered.asm.mixin.transformer.throwables.InvalidMixinException The specified mixin 'me.morningsage.carefuldrops.mixin.BlockBreakMixin' was not found
org.spongepowered.asm.mixin.transformer.throwables.InvalidMixinException: The specified mixin 'me.morningsage.carefuldrops.mixin.BlockBreakMixin' was not found
	at org.spongepowered.asm.mixin.transformer.MixinInfo.<init>(MixinInfo.java:855) ~[sponge-mixin-0.8+build.18.jar:0.8+build.18+unknown-b18.git-unknown]
	at org.spongepowered.asm.mixin.transformer.MixinConfig.prepareMixins(MixinConfig.java:715) ~[sponge-mixin-0.8+build.18.jar:0.8+build.18+unknown-b18.git-unknown]
	at org.spongepowered.asm.mixin.transformer.MixinConfig.prepare(MixinConfig.java:648) ~[sponge-mixin-0.8+build.18.jar:0.8+build.18+unknown-b18.git-unknown]
	at org.spongepowered.asm.mixin.transformer.MixinProcessor.prepareConfigs(MixinProcessor.java:515) [sponge-mixin-0.8+build.18.jar:0.8+build.18+unknown-b18.git-unknown]
	at org.spongepowered.asm.mixin.transformer.MixinProcessor.select(MixinProcessor.java:440) [sponge-mixin-0.8+build.18.jar:0.8+build.18+unknown-b18.git-unknown]
	at org.spongepowered.asm.mixin.transformer.MixinProcessor.checkSelect(MixinProcessor.java:416) [sponge-mixin-0.8+build.18.jar:0.8+build.18+unknown-b18.git-unknown]
	at org.spongepowered.asm.mixin.transformer.MixinProcessor.applyMixins(MixinProcessor.java:285) [sponge-mixin-0.8+build.18.jar:0.8+build.18+unknown-b18.git-unknown]
	at org.spongepowered.asm.mixin.transformer.MixinTransformer.transformClass(MixinTransformer.java:191) [sponge-mixin-0.8+build.18.jar:0.8+build.18+unknown-b18.git-unknown]
	at org.spongepowered.asm.mixin.transformer.MixinTransformer.transformClassBytes(MixinTransformer.java:178) [sponge-mixin-0.8+build.18.jar:0.8+build.18+unknown-b18.git-unknown]
	at org.spongepowered.asm.mixin.transformer.FabricMixinTransformerProxy.transformClassBytes(FabricMixinTransformerProxy.java:23) [fabric-loader-0.8.7+build.201@net.fabricmc.yarn.1_15_2.1.15.2+build.17-v2.jar:0.8+build.18+unknown-b18.git-unknown]
	at net.fabricmc.loader.launch.knot.KnotClassDelegate.getPostMixinClassByteArray(KnotClassDelegate.java:157) [fabric-loader-0.8.7+build.201@net.fabricmc.yarn.1_15_2.1.15.2+build.17-v2.jar:?]
	at net.fabricmc.loader.launch.knot.KnotClassLoader.loadClass(KnotClassLoader.java:143) [fabric-loader-0.8.7+build.201@net.fabricmc.yarn.1_15_2.1.15.2+build.17-v2.jar:?]
	at java.lang.ClassLoader.loadClass(ClassLoader.java:351) [?:1.8.0_251]
	at net.fabricmc.loader.game.MinecraftGameProvider.launch(MinecraftGameProvider.java:190) [fabric-loader-0.8.7+build.201@net.fabricmc.yarn.1_15_2.1.15.2+build.17-v2.jar:?]
	at net.fabricmc.loader.launch.knot.Knot.init(Knot.java:140) [fabric-loader-0.8.7+build.201@net.fabricmc.yarn.1_15_2.1.15.2+build.17-v2.jar:?]
	at net.fabricmc.loader.launch.knot.KnotServer.main(KnotServer.java:26) [fabric-loader-0.8.7+build.201@net.fabricmc.yarn.1_15_2.1.15.2+build.17-v2.jar:?]
	at net.fabricmc.devlaunchinjector.Main.main(Main.java:86) [dev-launch-injector-0.2.1+build.8.jar:?]
Caused by: java.lang.ClassNotFoundException: The specified mixin 'me.morningsage.carefuldrops.mixin.BlockBreakMixin' was not found
	at org.spongepowered.asm.mixin.transformer.MixinInfo.loadMixinClass(MixinInfo.java:1297) ~[sponge-mixin-0.8+build.18.jar:0.8+build.18+unknown-b18.git-unknown]
	at org.spongepowered.asm.mixin.transformer.MixinInfo.<init>(MixinInfo.java:848) ~[sponge-mixin-0.8+build.18.jar:0.8+build.18+unknown-b18.git-unknown]
	... 16 more
